[    0.000000] Linux version 4.15.0-76-generic (buildd@lcy01-amd64-029) (gcc version 7.4.0 (Ubuntu 7.4.0-1ubuntu1~18.04.1)) #86-Ubuntu SMP Fri Jan 17 17:24:28 UTC 2020 (Ubuntu 4.15.0-76.86-generic 4.15.18)
[    0.000000] Command line: BOOT_IMAGE=/boot/vmlinuz-4.15.0-76-generic root=UUID=f6b87aca-c2cd-42bc-9188-c707198694f4 ro console=tty1 console=ttyS0
[    0.000000] KERNEL supported cpus:
[    0.000000]   Intel GenuineIntel
[    0.000000]   AMD AuthenticAMD
[    0.000000]   Centaur CentaurHauls
[    0.000000] x86/fpu: Supporting XSAVE feature 0x001: 'x87 floating point registers'
[    0.000000] x86/fpu: Supporting XSAVE feature 0x002: 'SSE registers'
[    0.000000] x86/fpu: Supporting XSAVE feature 0x004: 'AVX registers'
[    0.000000] x86/fpu: xstate_offset[2]:  576, xstate_sizes[2]:  256
[    0.000000] x86/fpu: Enabled xstate features 0x7, context size is 832 bytes, using 'standard' format.
[    0.000000] e820: BIOS-provided physical RAM map:
[    0.000000] BIOS-e820: [mem 0x0000000000000000-0x000000000009fbff] usable
[    0.000000] BIOS-e820: [mem 0x000000000009fc00-0x000000000009ffff] reserved
[    0.000000] BIOS-e820: [mem 0x00000000000f0000-0x00000000000fffff] reserved
[    0.000000] BIOS-e820: [mem 0x0000000000100000-0x000000003ffeffff] usable
[    0.000000] BIOS-e820: [mem 0x000000003fff0000-0x000000003fffffff] ACPI data
[    0.000000] BIOS-e820: [mem 0x00000000fec00000-0x00000000fec00fff] reserved
[    0.000000] BIOS-e820: [mem 0x00000000fee00000-0x00000000fee00fff] reserved
[    0.000000] BIOS-e820: [mem 0x00000000fffc0000-0x00000000ffffffff] reserved
[    0.000000] NX (Execute Disable) protection: active
[    0.000000] SMBIOS 2.5 present.
[    0.000000] DMI: innotek GmbH VirtualBox/VirtualBox, BIOS VirtualBox 12/01/2006
[    0.000000] Hypervisor detected: KVM
[    0.000000] e820: last_pfn = 0x3fff0 max_arch_pfn = 0x400000000
[    0.000000] MTRR: Disabled
[    0.000000] x86/PAT: MTRRs disabled, skipping PAT initialization too.
[    0.000000] CPU MTRRs all blank - virtualized system.
[    0.000000] x86/PAT: Configuration [0-7]: WB  WT  UC- UC  WB  WT  UC- UC  
[    0.000000] found SMP MP-table at [mem 0x0009fff0-0x0009ffff]
[    0.000000] Scanning 1 areas for low memory corruption
[    0.000000] RAMDISK: [mem 0x35969000-0x36cabfff]
[    0.000000] ACPI: Early table checksum verification disabled
[    0.000000] ACPI: RSDP 0x00000000000E0000 000024 (v02 VBOX  )
[    0.000000] ACPI: XSDT 0x000000003FFF0030 00003C (v01 VBOX   VBOXXSDT 00000001 ASL  00000061)
[    0.000000] ACPI: FACP 0x000000003FFF00F0 0000F4 (v04 VBOX   VBOXFACP 00000001 ASL  00000061)
[    0.000000] ACPI: DSDT 0x000000003FFF0470 0022EA (v02 VBOX   VBOXBIOS 00000002 INTL 20100528)
[    0.000000] ACPI: FACS 0x000000003FFF0200 000040
[    0.000000] ACPI: FACS 0x000000003FFF0200 000040
[    0.000000] ACPI: APIC 0x000000003FFF0240 00005C (v02 VBOX   VBOXAPIC 00000001 ASL  00000061)
[    0.000000] ACPI: SSDT 0x000000003FFF02A0 0001CC (v01 VBOX   VBOXCPUT 00000002 INTL 20100528)
[    0.000000] No NUMA configuration found
[    0.000000] Faking a node at [mem 0x0000000000000000-0x000000003ffeffff]
[    0.000000] NODE_DATA(0) allocated [mem 0x3ffc5000-0x3ffeffff]
[    0.000000] kvm-clock: cpu 0, msr 0:3ff44001, primary cpu clock
[    0.000000] kvm-clock: Using msrs 4b564d01 and 4b564d00
[    0.000000] kvm-clock: using sched offset of 6163828962 cycles
[    0.000000] clocksource: kvm-clock: mask: 0xffffffffffffffff max_cycles: 0x1cd42e4dffb, max_idle_ns: 881590591483 ns
[    0.000000] Zone ranges:
[    0.000000]   DMA      [mem 0x0000000000001000-0x0000000000ffffff]
[    0.000000]   DMA32    [mem 0x0000000001000000-0x000000003ffeffff]
[    0.000000]   Normal   empty
[    0.000000]   Device   empty
[    0.000000] Movable zone start for each node
[    0.000000] Early memory node ranges
[    0.000000]   node   0: [mem 0x0000000000001000-0x000000000009efff]
[    0.000000]   node   0: [mem 0x0000000000100000-0x000000003ffeffff]
[    0.000000] Reserved but unavailable: 98 pages
[    0.000000] Initmem setup node 0 [mem 0x0000000000001000-0x000000003ffeffff]
[    0.000000] ACPI: PM-Timer IO Port: 0x4008
[    0.000000] IOAPIC[0]: apic_id 2, version 32, address 0xfec00000, GSI 0-23
[    0.000000] ACPI: INT_SRC_OVR (bus 0 bus_irq 0 global_irq 2 dfl dfl)
[    0.000000] ACPI: INT_SRC_OVR (bus 0 bus_irq 9 global_irq 9 low level)
[    0.000000] Using ACPI (MADT) for SMP configuration information
[    0.000000] smpboot: Allowing 2 CPUs, 0 hotplug CPUs
[    0.000000] PM: Registered nosave memory: [mem 0x00000000-0x00000fff]
[    0.000000] PM: Registered nosave memory: [mem 0x0009f000-0x0009ffff]
[    0.000000] PM: Registered nosave memory: [mem 0x000a0000-0x000effff]
[    0.000000] PM: Registered nosave memory: [mem 0x000f0000-0x000fffff]
[    0.000000] e820: [mem 0x40000000-0xfebfffff] available for PCI devices
[    0.000000] Booting paravirtualized kernel on KVM
[    0.000000] clocksource: refined-jiffies: mask: 0xffffffff max_cycles: 0xffffffff, max_idle_ns: 7645519600211568 ns
[    0.000000] random: get_random_bytes called from start_kernel+0x99/0x4fd with crng_init=0
[    0.000000] setup_percpu: NR_CPUS:8192 nr_cpumask_bits:2 nr_cpu_ids:2 nr_node_ids:1
[    0.000000] percpu: Embedded 45 pages/cpu s147456 r8192 d28672 u1048576
[    0.000000] PV qspinlock hash table entries: 256 (order: 0, 4096 bytes)
[    0.000000] Built 1 zonelists, mobility grouping on.  Total pages: 257913
[    0.000000] Policy zone: DMA32
[    0.000000] Kernel command line: BOOT_IMAGE=/boot/vmlinuz-4.15.0-76-generic root=UUID=f6b87aca-c2cd-42bc-9188-c707198694f4 ro console=tty1 console=ttyS0
[    0.000000] Memory: 982556K/1048120K available (12300K kernel code, 2481K rwdata, 4260K rodata, 2428K init, 2704K bss, 65564K reserved, 0K cma-reserved)
[    0.000000] SLUB: HWalign=64, Order=0-3, MinObjects=0, CPUs=2, Nodes=1
[    0.000000] Kernel/User page tables isolation: enabled
[    0.000000] ftrace: allocating 39322 entries in 154 pages
[    0.004000] Hierarchical RCU implementation.
[    0.004000] 	RCU restricting CPUs from NR_CPUS=8192 to nr_cpu_ids=2.
[    0.004000] 	Tasks RCU enabled.
[    0.004000] RCU: Adjusting geometry for rcu_fanout_leaf=16, nr_cpu_ids=2
[    0.004000] NR_IRQS: 524544, nr_irqs: 440, preallocated irqs: 16
[    0.004000] Console: colour VGA+ 80x25
[    0.004000] console [tty1] enabled
[    0.004000] console [ttyS0] enabled
[    0.004000] ACPI: Core revision 20170831
[    0.004000] ACPI: 2 ACPI AML tables successfully acquired and loaded
[    0.004000] APIC: Switch to symmetric I/O mode setup
[    0.004000] x2apic enabled
[    0.004010] Switched APIC routing to physical x2apic.
[    0.008000] ..TIMER: vector=0x30 apic1=0 pin1=2 apic2=-1 pin2=-1
[    0.008007] tsc: Detected 1799.999 MHz processor
[    0.009881] Calibrating delay loop (skipped) preset value.. 3599.99 BogoMIPS (lpj=7199996)
[    0.012008] pid_max: default: 32768 minimum: 301
[    0.013757] Security Framework initialized
[    0.016006] Yama: becoming mindful.
[    0.017285] AppArmor: AppArmor initialized
[    0.020179] Dentry cache hash table entries: 131072 (order: 8, 1048576 bytes)
[    0.024141] Inode-cache hash table entries: 65536 (order: 7, 524288 bytes)
[    0.027034] Mount-cache hash table entries: 2048 (order: 2, 16384 bytes)
[    0.028011] Mountpoint-cache hash table entries: 2048 (order: 2, 16384 bytes)
[    0.032295] Last level iTLB entries: 4KB 64, 2MB 8, 4MB 8
[    0.035048] Last level dTLB entries: 4KB 64, 2MB 0, 4MB 0, 1GB 4
[    0.036007] Spectre V1 : Mitigation: usercopy/swapgs barriers and __user pointer sanitization
[    0.040005] Spectre V2 : Mitigation: Full generic retpoline
[    0.041627] Spectre V2 : Spectre v2 / SpectreRSB mitigation: Filling RSB on context switch
[    0.044002] Speculative Store Bypass: Vulnerable
[    0.045403] MDS: Mitigation: Clear CPU buffers
[    0.046862] Freeing SMP alternatives memory: 36K
[    0.158931] smpboot: CPU0: Intel(R) Core(TM) i5-5350U CPU @ 1.80GHz (family: 0x6, model: 0x3d, stepping: 0x4)
[    0.160000] Performance Events: unsupported p6 CPU model 61 no PMU driver, software events only.
[    0.160041] Hierarchical SRCU implementation.
[    0.161986] NMI watchdog: Perf event create on CPU 0 failed with -2
[    0.164003] NMI watchdog: Perf NMI watchdog permanently disabled
[    0.166069] smp: Bringing up secondary CPUs ...
[    0.168110] x86: Booting SMP configuration:
[    0.169356] .... node  #0, CPUs:      #1
[    0.004000] kvm-clock: cpu 1, msr 0:3ff44041, secondary cpu clock
[    0.175659] smp: Brought up 1 node, 2 CPUs
[    0.176006] smpboot: Max logical packages: 1
[    0.177465] smpboot: Total of 2 processors activated (7199.99 BogoMIPS)
[    0.180139] devtmpfs: initialized
[    0.181261] x86/mm: Memory block size: 128MB
[    0.184057] evm: security.selinux
[    0.185114] evm: security.SMACK64
[    0.186330] evm: security.SMACK64EXEC
[    0.188004] evm: security.SMACK64TRANSMUTE
[    0.189222] evm: security.SMACK64MMAP
[    0.190435] evm: security.apparmor
[    0.191803] evm: security.ima
[    0.192002] evm: security.capability
[    0.193184] clocksource: jiffies: mask: 0xffffffff max_cycles: 0xffffffff, max_idle_ns: 7645041785100000 ns
[    0.196015] futex hash table entries: 512 (order: 3, 32768 bytes)
[    0.199505] pinctrl core: initialized pinctrl subsystem
[    0.200135] RTC time:  3:58:32, date: 02/04/20
[    0.204201] NET: Registered protocol family 16
[    0.205673] audit: initializing netlink subsys (disabled)
[    0.208019] audit: type=2000 audit(1580788720.538:1): state=initialized audit_enabled=0 res=1
[    0.210784] cpuidle: using governor ladder
[    0.212016] cpuidle: using governor menu
[    0.213241] ACPI: bus type PCI registered
[    0.214463] acpiphp: ACPI Hot Plug PCI Controller Driver version: 0.5
[    0.216140] PCI: Using configuration type 1 for base access
[    0.220054] HugeTLB registered 2.00 MiB page size, pre-allocated 0 pages
[    0.222242] ACPI: Added _OSI(Module Device)
[    0.224004] ACPI: Added _OSI(Processor Device)
[    0.225320] ACPI: Added _OSI(3.0 _SCP Extensions)
[    0.226980] ACPI: Added _OSI(Processor Aggregator Device)
[    0.228004] ACPI: Added _OSI(Linux-Dell-Video)
[    0.229326] ACPI: Added _OSI(Linux-Lenovo-NV-HDMI-Audio)
[    0.230882] ACPI: Added _OSI(Linux-HPI-Hybrid-Graphics)
[    0.232539] ACPI: Executed 1 blocks of module-level executable AML code
[    0.239533] ACPI: Interpreter enabled
[    0.240014] ACPI: (supports S0 S5)
[    0.241195] ACPI: Using IOAPIC for interrupt routing
[    0.242908] PCI: Using host bridge windows from ACPI; if necessary, use "pci=nocrs" and report a bug
[    0.244273] ACPI: Enabled 2 GPEs in block 00 to 07
[    0.256621] ACPI: PCI Root Bridge [PCI0] (domain 0000 [bus 00-ff])
[    0.258740] acpi PNP0A03:00: _OSC: OS supports [ASPM ClockPM Segments MSI]
[    0.261036] acpi PNP0A03:00: _OSC: not requesting OS control; OS requires [ExtendedConfig ASPM ClockPM MSI]
[    0.264027] acpi PNP0A03:00: fail to add MMCONFIG information, can't access extended PCI configuration space under this bridge.
[    0.268605] PCI host bridge to bus 0000:00
[    0.272004] pci_bus 0000:00: root bus resource [io  0x0000-0x0cf7 window]
[    0.273956] pci_bus 0000:00: root bus resource [io  0x0d00-0xffff window]
[    0.276005] pci_bus 0000:00: root bus resource [mem 0x000a0000-0x000bffff window]
[    0.278427] pci_bus 0000:00: root bus resource [mem 0x40000000-0xfdffffff window]
[    0.280003] pci_bus 0000:00: root bus resource [bus 00-ff]
[    0.287123] pci 0000:00:01.1: legacy IDE quirk: reg 0x10: [io  0x01f0-0x01f7]
[    0.288005] pci 0000:00:01.1: legacy IDE quirk: reg 0x14: [io  0x03f6]
[    0.289935] pci 0000:00:01.1: legacy IDE quirk: reg 0x18: [io  0x0170-0x0177]
[    0.292005] pci 0000:00:01.1: legacy IDE quirk: reg 0x1c: [io  0x0376]
[    0.320221] pci 0000:00:07.0: quirk: [io  0x4000-0x403f] claimed by PIIX4 ACPI
[    0.322676] pci 0000:00:07.0: quirk: [io  0x4100-0x410f] claimed by PIIX4 SMB
[    0.342468] ACPI: PCI Interrupt Link [LNKA] (IRQs 5 9 10 *11)
[    0.344380] ACPI: PCI Interrupt Link [LNKB] (IRQs 5 9 *10 11)
[    0.346546] ACPI: PCI Interrupt Link [LNKC] (IRQs 5 *9 10 11)
[    0.348176] ACPI: PCI Interrupt Link [LNKD] (IRQs 5 9 10 *11)
[    0.350284] SCSI subsystem initialized
[    0.352064] pci 0000:00:02.0: vgaarb: setting as boot VGA device
[    0.354033] pci 0000:00:02.0: vgaarb: VGA device added: decodes=io+mem,owns=io+mem,locks=none
[    0.356008] pci 0000:00:02.0: vgaarb: bridge control possible
[    0.357680] vgaarb: loaded
[    0.360038] ACPI: bus type USB registered
[    0.361251] usbcore: registered new interface driver usbfs
[    0.362842] usbcore: registered new interface driver hub
[    0.364029] usbcore: registered new device driver usb
[    0.365585] EDAC MC: Ver: 3.0.0
[    0.368123] PCI: Using ACPI for IRQ routing
[    0.369776] NetLabel: Initializing
[    0.370815] NetLabel:  domain hash size = 128
[    0.372005] NetLabel:  protocols = UNLABELED CIPSOv4 CALIPSO
[    0.373821] NetLabel:  unlabeled traffic allowed by default
[    0.376137] clocksource: Switched to clocksource kvm-clock
[    0.392071] VFS: Disk quotas dquot_6.6.0
[    0.393569] VFS: Dquot-cache hash table entries: 512 (order 0, 4096 bytes)
[    0.395781] AppArmor: AppArmor Filesystem Enabled
[    0.397598] pnp: PnP ACPI init
[    0.400326] pnp: PnP ACPI: found 3 devices
[    0.410912] clocksource: acpi_pm: mask: 0xffffff max_cycles: 0xffffff, max_idle_ns: 2085701024 ns
[    0.413858] NET: Registered protocol family 2
[    0.415388] TCP established hash table entries: 8192 (order: 4, 65536 bytes)
[    0.417487] TCP bind hash table entries: 8192 (order: 5, 131072 bytes)
[    0.421141] TCP: Hash tables configured (established 8192 bind 8192)
[    0.423118] UDP hash table entries: 512 (order: 2, 16384 bytes)
[    0.424867] UDP-Lite hash table entries: 512 (order: 2, 16384 bytes)
[    0.426727] NET: Registered protocol family 1
[    0.428027] pci 0000:00:00.0: Limiting direct PCI/PCI transfers
[    0.429847] pci 0000:00:01.0: Activating ISA DMA hang workarounds
[    0.431685] pci 0000:00:02.0: Video device with shadowed ROM at [mem 0x000c0000-0x000dffff]
[    0.434329] Unpacking initramfs...
[    0.783261] Freeing initrd memory: 19724K
[    0.784839] clocksource: tsc: mask: 0xffffffffffffffff max_cycles: 0x19f228ab7a2, max_idle_ns: 440795289252 ns
[    0.787951] platform rtc_cmos: registered platform RTC device (no PNP device found)
[    0.790283] Scanning for low memory corruption every 60 seconds
[    0.792714] Initialise system trusted keyrings
[    0.794157] Key type blacklist registered
[    0.795602] workingset: timestamp_bits=36 max_order=18 bucket_order=0
[    0.799008] zbud: loaded
[    0.801094] squashfs: version 4.0 (2009/01/31) Phillip Lougher
[    0.804294] fuse init (API version 7.26)
[    0.809146] Key type asymmetric registered
[    0.810385] Asymmetric key parser 'x509' registered
[    0.811864] Block layer SCSI generic (bsg) driver version 0.4 loaded (major 246)
[    0.814196] io scheduler noop registered
[    0.815747] io scheduler deadline registered
[    0.817282] io scheduler cfq registered (default)
[    0.819660] ACPI: AC Adapter [AC] (on-line)
[    0.821115] input: Power Button as /devices/LNXSYSTM:00/LNXPWRBN:00/input/input0
[    0.823349] ACPI: Power Button [PWRF]
[    0.824628] input: Sleep Button as /devices/LNXSYSTM:00/LNXSLPBN:00/input/input1
[    0.826813] ACPI: Sleep Button [SLPF]
[    0.829775] ACPI: Battery Slot [BAT0] (battery present)
[    0.831531] Serial: 8250/16550 driver, 32 ports, IRQ sharing enabled
[    0.854920] 00:02: ttyS0 at I/O 0x3f8 (irq = 4, base_baud = 115200) is a 16550A
[    0.864072] Linux agpgart interface v0.103
[    0.868207] loop: module loaded
[    0.870015] scsi host0: ata_piix
[    0.871171] scsi host1: ata_piix
[    0.872294] ata1: PATA max UDMA/33 cmd 0x1f0 ctl 0x3f6 bmdma 0xd000 irq 14
[    0.874257] ata2: PATA max UDMA/33 cmd 0x170 ctl 0x376 bmdma 0xd008 irq 15
[    0.876347] libphy: Fixed MDIO Bus: probed
[    0.877843] tun: Universal TUN/TAP device driver, 1.6
[    0.879876] PPP generic driver version 2.4.2
[    0.881925] ehci_hcd: USB 2.0 'Enhanced' Host Controller (EHCI) Driver
[    0.884023] ehci-pci: EHCI PCI platform driver
[    0.885542] ehci-platform: EHCI generic platform driver
[    0.887374] ohci_hcd: USB 1.1 'Open' Host Controller (OHCI) Driver
[    0.889243] ohci-pci: OHCI PCI platform driver
[    0.890581] ohci-platform: OHCI generic platform driver
[    0.892113] uhci_hcd: USB Universal Host Controller Interface driver
[    0.894063] i8042: PNP: PS/2 Controller [PNP0303:PS2K,PNP0f03:PS2M] at 0x60,0x64 irq 1,12
[    0.896987] serio: i8042 KBD port at 0x60,0x64 irq 1
[    0.898474] serio: i8042 AUX port at 0x60,0x64 irq 12
[    0.900215] mousedev: PS/2 mouse device common for all mice
[    0.903638] rtc_cmos rtc_cmos: rtc core: registered rtc_cmos as rtc0
[    0.905670] input: AT Translated Set 2 keyboard as /devices/platform/i8042/serio0/input/input2
[    0.908136] rtc_cmos rtc_cmos: alarms up to one day, 114 bytes nvram
[    0.910718] i2c /dev entries driver
[    0.911859] device-mapper: uevent: version 1.0.3
[    0.913325] device-mapper: ioctl: 4.37.0-ioctl (2017-09-20) initialised: dm-devel@redhat.com
[    0.916241] ledtrig-cpu: registered to indicate activity on CPUs
[    0.918859] NET: Registered protocol family 10
[    0.924469] Segment Routing with IPv6
[    0.926014] NET: Registered protocol family 17
[    0.927546] Key type dns_resolver registered
[    0.929664] mce: Using 0 MCE banks
[    0.931127] RAS: Correctable Errors collector initialized.
[    0.933047] sched_clock: Marking stable (933021347, 0)->(1190898606, -257877259)
[    0.936036] registered taskstats version 1
[    0.937615] Loading compiled-in X.509 certificates
[    0.941890] Loaded X.509 cert 'Build time autogenerated kernel key: 665cd2b89e03521f57c41865f552ebce30a0c7fb'
[    0.945226] zswap: loaded using pool lzo/zbud
[    0.951659] Key type big_key registered
[    0.953064] Key type trusted registered
[    0.956252] Key type encrypted registered
[    0.957486] AppArmor: AppArmor sha1 policy hashing enabled
[    0.959079] ima: No TPM chip found, activating TPM-bypass! (rc=-19)
[    0.960950] ima: Allocated hash algorithm: sha1
[    0.962308] evm: HMAC attrs: 0x1
[    0.963729]   Magic number: 8:33:967
[    0.964995] rtc_cmos rtc_cmos: setting system clock to 2020-02-04 03:58:33 UTC (1580788713)
[    0.967961] BIOS EDD facility v0.16 2004-Jun-25, 0 devices found
[    0.969828] EDD information not available.
[    1.039647] Freeing unused kernel image memory: 2428K
[    1.052486] Write protecting the kernel read-only data: 20480k
[    1.057846] Freeing unused kernel image memory: 2008K
[    1.062101] Freeing unused kernel image memory: 1884K
[    1.070737] x86/mm: Checked W+X mappings: passed, no W+X pages found.
[    1.072911] x86/mm: Checking user space page tables
[    1.080702] x86/mm: Checked W+X mappings: passed, no W+X pages found.
Loading, please wait...
starting version 237
[    1.155221] e1000: Intel(R) PRO/1000 Network Driver - version 7.3.21-k8-NAPI
[    1.158188] e1000: Copyright (c) 1999-2006 Intel Corporation.
[    1.177009] Fusion MPT base driver 3.04.20
[    1.178726] Copyright (c) 1999-2008 LSI Corporation
[    1.190434] AVX2 version of gcm_enc/dec engaged.
[    1.191879] AES CTR mode by8 optimization enabled
[    1.199961] Fusion MPT SPI Host driver 3.04.20
[    1.372500] input: ImExPS/2 Generic Explorer Mouse as /devices/platform/i8042/serio1/input/input4
[    1.634334] e1000 0000:00:03.0 eth0: (PCI:33MHz:32-bit) 02:3e:3e:1e:2f:8f
[    1.639491] e1000 0000:00:03.0 eth0: Intel(R) PRO/1000 Network Connection
[    1.642945] mptbase: ioc0: Initiating bringup
[    1.864897] ioc0: LSI53C1030 A0: Capabilities={Initiator}
[    2.620844] scsi host2: ioc0: LSI53C1030 A0, FwRev=00000000h, Ports=1, MaxQ=256, IRQ=20
[    3.121940] scsi 2:0:0:0: Direct-Access     VBOX     HARDDISK         1.0  PQ: 0 ANSI: 5
[    3.160243] scsi target2:0:0: Beginning Domain Validation
[    3.165865] scsi target2:0:0: Domain Validation skipping write tests
[    3.170550] scsi target2:0:0: Ending Domain Validation
[    3.191202] scsi target2:0:0: asynchronous
[    3.194823] scsi 2:0:1:0: Direct-Access     VBOX     HARDDISK         1.0  PQ: 0 ANSI: 5
[    3.544824] scsi target2:0:1: Beginning Domain Validation
[    3.549108] random: fast init done
[    3.551000] scsi target2:0:1: Domain Validation skipping write tests
[    3.552886] scsi target2:0:1: Ending Domain Validation
[    3.554478] scsi target2:0:1: asynchronous
[    3.561625] random: systemd-udevd: uninitialized urandom read (16 bytes read)
[    3.563704] random: systemd-udevd: uninitialized urandom read (16 bytes read)
[    3.565845] random: systemd-udevd: uninitialized urandom read (16 bytes read)
[    3.568114] sd 2:0:0:0: Attached scsi generic sg0 type 0
[    3.568524] sd 2:0:0:0: [sda] 20971520 512-byte logical blocks: (10.7 GB/10.0 GiB)
[    3.569967] sd 2:0:1:0: Attached scsi generic sg1 type 0
[    3.575106] sd 2:0:1:0: [sdb] 20480 512-byte logical blocks: (10.5 MB/10.0 MiB)
[    3.577647] sd 2:0:1:0: [sdb] Write Protect is off
[    3.579412] sd 2:0:1:0: [sdb] Incomplete mode parameter data
[    3.579530] sd 2:0:0:0: [sda] Write Protect is off
[    3.581206] sd 2:0:1:0: [sdb] Assuming drive cache: write through
[    3.589089] sd 2:0:1:0: [sdb] Attached SCSI disk
[    3.596409] sd 2:0:0:0: [sda] Incomplete mode parameter data
[    3.597731] e1000 0000:00:08.0 eth1: (PCI:33MHz:32-bit) 08:00:27:e1:69:f5
[    3.598078] sd 2:0:0:0: [sda] Assuming drive cache: write through
[    3.600855] e1000 0000:00:08.0 eth1: Intel(R) PRO/1000 Network Connection
[    3.607136] e1000 0000:00:03.0 enp0s3: renamed from eth0
[    3.611759]  sda: sda1
[    3.614167] sd 2:0:0:0: [sda] Attached SCSI disk
[    3.628615] e1000 0000:00:08.0 enp0s8: renamed from eth1
Begin: Loading essential drivers ... [    5.132249] raid6: sse2x1   gen()  8928 MB/s
[    5.180188] raid6: sse2x1   xor()  6407 MB/s
[    5.228227] raid6: sse2x2   gen() 11031 MB/s
[    5.276048] raid6: sse2x2   xor()  6747 MB/s
[    5.324697] raid6: sse2x4   gen() 13208 MB/s
[    5.372606] raid6: sse2x4   xor()  6142 MB/s
[    5.420567] raid6: avx2x1   gen() 15812 MB/s
[    5.468646] raid6: avx2x1   xor() 10990 MB/s
[    5.520286] raid6: avx2x2   gen() 18313 MB/s
[    5.568241] raid6: avx2x2   xor() 11979 MB/s
[    5.616272] raid6: avx2x4   gen() 23694 MB/s
[    5.664094] raid6: avx2x4   xor() 10852 MB/s
[    5.666346] raid6: using algorithm avx2x4 gen() 23694 MB/s
[    5.668169] raid6: .... xor() 10852 MB/s, rmw enabled
[    5.669646] raid6: using avx2x2 recovery algorithm
[    5.673024] xor: automatically using best checksumming function   avx       
[    5.677060] async_tx: api initialized (async)
done.
Begin: Running /scripts/init-premount ... done.
Begin: Mounting root file system ... Begin: Running /scripts/local-top ... done.
Begin: Running /scripts/local-premount ... [    5.736482] Btrfs loaded, crc32c=crc32c-intel
Scanning for Btrfs filesystems
done.
Warning: fsck not present, so skipping root file system
[    5.803039] EXT4-fs (sda1): mounted filesystem with ordered data mode. Opts: (null)
done.
Begin: Running /scripts/local-bottom ... done.
Begin: Running /scripts/init-bottom ... done.
[    6.092173] ip_tables: (C) 2000-2006 Netfilter Core Team
[    6.105957] systemd[1]: systemd 237 running in system mode. (+PAM +AUDIT +SELINUX +IMA +APPARMOR +SMACK +SYSVINIT +UTMP +LIBCRYPTSETUP +GCRYPT +GNUTLS +ACL +XZ +LZ4 +SECCOMP +BLKID +ELFUTILS +KMOD -IDN2 +IDN -PCRE2 default-hierarchy=hybrid)
[    6.112708] systemd[1]: Detected virtualization oracle.
[    6.114286] systemd[1]: Detected architecture x86-64.

Welcome to [1mUbuntu 18.04.3 LTS[0m!

[    6.141045] systemd[1]: Set hostname to <ubuntu-bionic>.
[    6.905933] systemd[1]: Set up automount Arbitrary Executable File Formats File System Automount Point.
[[0;32m  OK  [0m] Set up automount Arbitrary Executab…rmats File System Automount Point.
[    6.912448] systemd[1]: Reached target User and Group Name Lookups.
[[0;32m  OK  [0m] Reached target User and Group Name Lookups.
[    6.918041] systemd[1]: Created slice System Slice.
[[0;32m  OK  [0m] Created slice System Slice.
[    6.921298] systemd[1]: Listening on LVM2 metadata daemon socket.
[[0;32m  OK  [0m] Listening on LVM2 metadata daemon socket.
[    6.925219] systemd[1]: Listening on Network Service Netlink Socket.
[[0;32m  OK  [0m] Listening on Network Service Netlink Socket.
[    6.928804] systemd[1]: Listening on Journal Socket (/dev/log).
[[0;32m  OK  [0m] Listening on Journal Socket (/dev/log).
[[0;32m  OK  [0m] Listening on Syslog Socket.
[[0;32m  OK  [0m] Listening on Journal Socket.
         Starting Set the console keyboard layout...
         Starting Create list of required st…ce nodes for the current kernel...
         Starting Uncomplicated firewall...
         Starting Load Kernel Modules...
[[0;32m  OK  [0m] Listening on udev Kernel Socket.
[[0;32m  OK  [0m] Created slice User and Session Slice.
[[0;32m  OK  [0m] Reached target Swap.
[[0;32m  OK  [0m] Listening on udev Control Socket.
         Starting udev Coldplug all Devices...
[    6.983762] Loading iSCSI transport class v2.0-870.
[    6.996457] iscsi: registered transport (tcp)
[[0;32m  OK  [0m] Listening on Journal Audit Socket.
         Starting Journal Service...
[[0;32m  OK  [0m] Reached target System Time Synchronized.
         Mounting Huge Pages File System...
         Mounting POSIX Message Queue File System...
         Mounting Kernel Debug File System...
         Starting Remount Root and Kernel File Systems...
[[0;32m  OK  [0m] Listening on LVM2 poll daemon socket.
[[0;32m  OK  [0m] Listening on /dev/initctl Compatibility Named Pipe.
[[0;32m  OK  [0m] Listening on Device-mapper event daemon FIFOs.
         Starting Monitoring of LVM2 mirrors…ng dmeventd or progress polling...
[[0;32m  OK  [0m] Reached target Slices.
[[0;32m  OK  [0m] Created slice system-serial\x2dgetty.slice.
[[0;32m  OK  [0m] Started Forward Password Requests to Wall Directory Watch.
[[0;32m  OK  [0m] Started Create list of required sta…vice nodes for the current kernel.
[[0;32m  OK  [0m] Started Uncomplicated firewall.
         Starting Create Static Device Nodes in /dev...
[    7.066726] iscsi: registered transport (iser)
[[0;32m  OK  [0m] Started Load Kernel Modules.
         Mounting Kernel Configuration File System...
         Starting Apply Kernel Variables...
         Mounting FUSE Control File System...
[[0;32m  OK  [0m] Started Journal Service.
[[0;32m  OK  [0m] Started udev Coldplug all Devices.
[[0;32m  OK  [0m] Mounted Huge Pages File System.
[[0;32m  OK  [0m] Mounted POSIX Message Queue File System.
[[0;32m  OK  [0m] Mounted Kernel Debug File System.
[[0;32m  OK  [0m] Mounted Kernel Configuration File System.
[[0;32m  OK  [0m] Mounted FUSE Control File System.
[[0;32m  OK  [0m] Started LVM2 metadata daemon.
[[0;32m  OK  [0m] Started Create Static Device Nodes in /dev.
[[0;32m  OK  [0m] Started Remount Root and Kernel File Systems.
[[0;32m  OK  [0m] Started Apply Kernel Variables.
         Starting Flush Journal to Persistent Storage...
         Starting Load/Save Random Seed...
         Starting udev Kernel Device Manager...
[[0;32m  OK  [0m] Started Set the console keyboard layout.
[[0;32m  OK  [0m] Started Load/Save Random Seed.
[[0;32m  OK  [0m] Started Monitoring of LVM2 mirrors,…sing dmeventd or progress polling.
[[0;32m  OK  [0m] Reached target Local File Systems (Pre).
[[0;32m  OK  [0m] Reached target Local File Systems.
         Starting Set console font and keymap...
         Starting AppArmor initialization...
         Starting Tell Plymouth To Write Out Runtime Data...
         Starting ebtables ruleset management...
[[0;32m  OK  [0m] Started udev Kernel Device Manager.
[[0;32m  OK  [0m] Started Dispatch Password Requests to Console Directory Watch.
[[0;32m  OK  [0m] Reached target Local Encrypted Volumes.
[[0;32m  OK  [0m] Started Set console font and keymap.
[[0;32m  OK  [0m] Started Tell Plymouth To Write Out Runtime Data.
[[0;32m  OK  [0m] Started ebtables ruleset management.
[[0;32m  OK  [0m] Started Flush Journal to Persistent Storage.
[[0;32m  OK  [0m] Found device /dev/ttyS0.
         Starting Create Volatile Files and Directories...
[[0;32m  OK  [0m] Started Create Volatile Files and Directories.
         Starting Update UTMP about System Boot/Shutdown...
[[0;32m  OK  [0m] Started Update UTMP about System Boot/Shutdown.
[[0;32m  OK  [0m] Listening on Load/Save RF Kill Switch Status /dev/rfkill Watch.
[[0;32m  OK  [0m] Started AppArmor initialization.
         Starting Initial cloud-init job (pre-networking)...
[   10.469981] cloud-init[529]: Cloud-init v. 19.3-41-gc4735dd3-0ubuntu1~18.04.1 running 'init-local' at Tue, 04 Feb 2020 03:58:42 +0000. Up 10.20 seconds.
[[0;32m  OK  [0m] Started Initial cloud-init job (pre-networking).
[[0;32m  OK  [0m] Reached target Network (Pre).
         Starting Network Service...
[[0;32m  OK  [0m] Started Network Service.
         Starting Wait for Network to be Configured...
         Starting Network Name Resolution...
[[0;32m  OK  [0m] Started Network Name Resolution.
[[0;32m  OK  [0m] Reached target Host and Network Name Lookups.
[[0;32m  OK  [0m] Reached target Network.
[[0;32m  OK  [0m] Started Wait for Network to be Configured.
         Starting Initial cloud-init job (metadata service crawler)...
[   13.254395] cloud-init[702]: Cloud-init v. 19.3-41-gc4735dd3-0ubuntu1~18.04.1 running 'init' at Tue, 04 Feb 2020 03:58:45 +0000. Up 13.07 seconds.
[   13.263465] cloud-init[702]: ci-info: ++++++++++++++++++++++++++++++++++++++Net device info+++++++++++++++++++++++++++++++++++++++
[   13.267341] cloud-init[702]: ci-info: +--------+------+-----------------------------+---------------+--------+-------------------+
[   13.272253] cloud-init[702]: ci-info: | Device |  Up  |           Address           |      Mask     | Scope  |     Hw-Address    |
[   13.276782] cloud-init[702]: ci-info: +--------+------+-----------------------------+---------------+--------+-------------------+
[   13.281505] cloud-init[702]: ci-info: | enp0s3 | True |          10.0.2.15          | 255.255.255.0 | global | 02:3e:3e:1e:2f:8f |
[   13.286582] cloud-init[702]: ci-info: | enp0s3 | True |  fe80::3e:3eff:fe1e:2f8f/64 |       .       |  link  | 02:3e:3e:1e:2f:8f |
[   13.291283] cloud-init[702]: ci-info: | enp0s8 | True |        192.168.33.10        | 255.255.255.0 | global | 08:00:27:e1:69:f5 |
[   13.296032] cloud-init[702]: ci-info: | enp0s8 | True | fe80::a00:27ff:fee1:69f5/64 |       .       |  link  | 08:00:27:e1:69:f5 |
[   13.300814] cloud-init[702]: ci-info: |   lo   | True |          127.0.0.1          |   255.0.0.0   |  host  |         .         |
[   13.305793] cloud-init[702]: ci-info: |   lo   | True |           ::1/128           |       .       |  host  |         .         |
[   13.310871] cloud-init[702]: ci-info: +--------+------+-----------------------------+---------------+--------+-------------------+
[   13.315863] cloud-init[702]: ci-info: +++++++++++++++++++++++++++++Route IPv4 info+++++++++++++++++++++++++++++
[   13.319760] cloud-init[702]: ci-info: +-------+--------------+----------+-----------------+-----------+-------+
[   13.323649] cloud-init[702]: ci-info: | Route | Destination  | Gateway  |     Genmask     | Interface | Flags |
[   13.328310] cloud-init[702]: ci-info: +-------+--------------+----------+-----------------+-----------+-------+
[   13.332868] cloud-init[702]: ci-info: |   0   |   0.0.0.0    | 10.0.2.2 |     0.0.0.0     |   enp0s3  |   UG  |
[   13.336988] cloud-init[702]: ci-info: |   1   |   10.0.2.0   | 0.0.0.0  |  255.255.255.0  |   enp0s3  |   U   |
[   13.341401] cloud-init[702]: ci-info: |   2   |   10.0.2.2   | 0.0.0.0  | 255.255.255.255 |   enp0s3  |   UH  |
[   13.345361] cloud-init[702]: ci-info: |   3   | 192.168.33.0 | 0.0.0.0  |  255.255.255.0  |   enp0s8  |   U   |
[   13.349083] cloud-init[702]: ci-info: +-------+--------------+----------+-----------------+-----------+-------+
[   13.353157] cloud-init[702]: ci-info: +++++++++++++++++++Route IPv6 info+++++++++++++++++++
[   13.356391] cloud-init[702]: ci-info: +-------+-------------+---------+-----------+-------+
[   13.359321] cloud-init[702]: ci-info: | Route | Destination | Gateway | Interface | Flags |
[   13.364504] cloud-init[702]: ci-info: +-------+-------------+---------+-----------+-------+
[   13.368313] cloud-init[702]: ci-info: |   1   |  fe80::/64  |    ::   |   enp0s8  |   U   |
[   13.372047] cloud-init[702]: ci-info: |   2   |  fe80::/64  |    ::   |   enp0s3  |   U   |
[   13.375446] cloud-init[702]: ci-info: |   4   |    local    |    ::   |   enp0s3  |   U   |
[   13.379373] cloud-init[702]: ci-info: |   5   |    local    |    ::   |   enp0s8  |   U   |
[   13.382837] cloud-init[702]: ci-info: |   6   |   ff00::/8  |    ::   |   enp0s8  |   U   |
[   13.386225] cloud-init[702]: ci-info: |   7   |   ff00::/8  |    ::   |   enp0s3  |   U   |
[   13.390338] cloud-init[702]: ci-info: +-------+-------------+---------+-----------+-------+
[[0;32m  OK  [0m] Started Initial cloud-init job (metadata service crawler).
[[0;32m  OK  [0m] Reached target Cloud-config availability.
[[0;32m  OK  [0m] Reached target Network is Online.
         Starting Availability of block devices...
[[0;32m  OK  [0m] Reached target Remote File Systems (Pre).
[[0;32m  OK  [0m] Reached target Remote File Systems.
[[0;32m  OK  [0m] Reached target System Initialization.
[[0;32m  OK  [0m] Started Discard unused blocks once a week.
[[0;32m  OK  [0m] Listening on D-Bus System Message Bus Socket.
[[0;32m  OK  [0m] Started Daily Cleanup of Temporary Directories.
[[0;32m  OK  [0m] Listening on Open-iSCSI iscsid Socket.
[[0;32m  OK  [0m] Started ACPI Events Check.
         Starting LXD - unix socket.
         Starting Socket activation for snappy daemon.
[[0;32m  OK  [0m] Started Daily apt download activities.
[[0;32m  OK  [0m] Started Daily apt upgrade and clean activities.
[[0;32m  OK  [0m] Listening on ACPID Listen Socket.
[[0;32m  OK  [0m] Started Message of the Day.
[[0;32m  OK  [0m] Listening on UUID daemon activation socket.
[[0;32m  OK  [0m] Reached target Timers.
[[0;32m  OK  [0m] Reached target Paths.
[[0;32m  OK  [0m] Started Availability of block devices.
[[0;32m  OK  [0m] Listening on LXD - unix socket.
[[0;32m  OK  [0m] Listening on Socket activation for snappy daemon.
[[0;32m  OK  [0m] Reached target Sockets.
[[0;32m  OK  [0m] Reached target Basic System.
[[0;32m  OK  [0m] Started Regular background program processing daemon.
         Starting Permit User Sessions...
         Starting vboxadd.service...
         Starting LSB: automatic crash report generation...
         Starting Dispatcher daemon for systemd-networkd...
         Starting Login Service...
[[0;32m  OK  [0m] Started FUSE filesystem for LXC.
[[0;32m  OK  [0m] Started irqbalance daemon.
         Starting Snappy daemon...
         Starting LSB: Record successful boot for GRUB...
         Starting System Logging Service...
[[0;32m  OK  [0m] Started Deferred execution scheduler.
         Starting Accounts Service...
[[0;32m  OK  [0m] Started D-Bus System Message Bus.
[[0;32m  OK  [0m] Started Login Service.
[[0;32m  OK  [0m] Started Unattended Upgrades Shutdown.
         Starting OpenBSD Secure Shell server...
         Starting LXD - container startup/shutdown...
[[0;32m  OK  [0m] Started System Logging Service.
[[0;32m  OK  [0m] Started Permit User Sessions.
         Starting Authorization Manager...
         Starting Hold until boot process finishes up...
         Starting Terminate Plymouth Boot Screen...
[[0;32m  OK  [0m] Started Hold until boot process finishes up.
         Starting Set console scheme...
[[0;32m  OK  [0m] Started Serial Getty on ttyS0.
[[0;32m  OK  [0m] Started Terminate Plymouth Boot Screen.
[[0;32m  OK  [0m] Started LSB: automatic crash report generation.
[[0;32m  OK  [0m] Started Set console scheme.
[[0;32m  OK  [0m] Created slice system-getty.slice.
[[0;32m  OK  [0m] Started Getty on tty1.
[[0;32m  OK  [0m] Reached target Login Prompts.
[[0;32m  OK  [0m] Started OpenBSD Secure Shell server.
[[0;32m  OK  [0m] Started LSB: Record successful boot for GRUB.
[[0;32m  OK  [0m] Started Authorization Manager.
[[0;32m  OK  [0m] Started Accounts Service.
[[0;32m  OK  [0m] Started Dispatcher daemon for systemd-networkd.
[[0;32m  OK  [0m] Started Snappy daemon.
         Starting Wait until snapd is fully seeded...
[[0;32m  OK  [0m] Started LXD - container startup/shutdown.
[[0;32m  OK  [0m] Started Wait until snapd is fully seeded.
         Starting Apply the settings specified in cloud-config...
[   16.502692] cloud-init[1074]: Cloud-init v. 19.3-41-gc4735dd3-0ubuntu1~18.04.1 running 'modules:config' at Tue, 04 Feb 2020 03:58:48 +0000. Up 16.24 seconds.
[[0;32m  OK  [0m] Started Apply the settings specified in cloud-config.
[[0;32m  OK  [0m] Started vboxadd.service.
         Starting vboxadd-service.service...
[[0;32m  OK  [0m] Started vboxadd-service.service.
[[0;32m  OK  [0m] Reached target Multi-User System.
         Starting Execute cloud user/final scripts...
[[0;32m  OK  [0m] Reached target Graphical Interface.
         Starting Update UTMP about System Runlevel Changes...
[[0;32m  OK  [0m] Started Update UTMP about System Runlevel Changes.
[   17.782847] cloud-init[1189]: Cloud-init v. 19.3-41-gc4735dd3-0ubuntu1~18.04.1 running 'modules:final' at Tue, 04 Feb 2020 03:58:50 +0000. Up 17.63 seconds.
[   17.786388] cloud-init[1189]: Cloud-init v. 19.3-41-gc4735dd3-0ubuntu1~18.04.1 finished at Tue, 04 Feb 2020 03:58:50 +0000. Datasource DataSourceNoCloud [seed=/dev/sdb][dsmode=net].  Up 17.77 seconds
[[0;32m  OK  [0m] Started Execute cloud user/final scripts.
[[0;32m  OK  [0m] Reached target Cloud-init target.

Ubuntu 18.04.3 LTS ubuntu-bionic ttyS0

ubuntu-bionic login: 